PRT1
28
70
4 0 2 (1536 1024 0 ) (1536 1024 384 ) (1024 1024 384 ) (1024 1024 0 ) 
4 0 1 (1024 1024 0 ) (1024 1024 384 ) (1024 1536 384 ) (1024 1536 0 ) 
4 1 6 (0 1024 0 ) (0 1024 384 ) (0 1536 384 ) (0 1536 0 ) 
4 1 5 (116 1024 8 ) (0 1024 8 ) (0 1024 0 ) (116 1024 0 ) 
4 1 4 (1024 1024 0 ) (1024 1024 8 ) (116 1024 8 ) (116 1024 0 ) 
4 1 3 (1024 1024 8 ) (1024 1024 384 ) (0 1024 384 ) (0 1024 8 ) 
4 2 16 (1536 0 0 ) (1536 0 384 ) (1024 0 384 ) (1024 0 0 ) 
4 2 4 (1024 1024 8 ) (1024 1024 0 ) (1024 0 0 ) (1024 0 8 ) 
4 2 3 (1024 1024 384 ) (1024 1024 8 ) (1024 0 8 ) (1024 0 384 ) 
4 3 17 (1024 0 8 ) (1024 0 384 ) (0 0 384 ) (0 0 8 ) 
4 3 12 (0 0 8 ) (0 0 16 ) (0 116 16 ) (0 116 8 ) 
4 3 11 (0 116 16 ) (0 1024 16 ) (0 1024 8 ) (0 116 8 ) 
4 3 7 (0 0 16 ) (0 0 384 ) (0 1024 384 ) (0 1024 16 ) 
4 3 5 (0 116 8 ) (0 1024 8 ) (116 1024 8 ) (116 116 8 ) 
4 3 4 (1024 0 8 ) (116 0 8 ) (116 1024 8 ) (1024 1024 8 ) 
4 4 18 (1024 0 0 ) (1024 0 8 ) (116 0 8 ) (116 0 0 ) 
4 4 5 (116 1024 0 ) (116 116 0 ) (116 116 8 ) (116 1024 8 ) 
4 5 11 (0 116 8 ) (0 1024 8 ) (0 1024 0 ) (0 116 0 ) 
4 6 14 (-1024 1024 0 ) (-1024 1024 384 ) (-1024 1536 384 ) (-1024 1536 0 ) 
4 6 11 (0 1024 0 ) (0 1024 16 ) (-116 1024 16 ) (-116 1024 0 ) 
4 6 13 (-116 1024 16 ) (-1024 1024 16 ) (-1024 1024 0 ) (-116 1024 0 ) 
4 6 8 (-160 1024 384 ) (-280 1024 384 ) (-280 1024 16 ) (-160 1024 16 ) 
4 6 7 (0 1024 16 ) (0 1024 384 ) (-160 1024 384 ) (-160 1024 16 ) 
4 6 10 (-280 1024 384 ) (-1024 1024 384 ) (-1024 1024 16 ) (-280 1024 16 ) 
4 7 22 (0 0 16 ) (0 0 384 ) (-160 0 384 ) (-160 0 16 ) 
4 7 12 (0 116 16 ) (0 0 16 ) (-116 0 16 ) (-116 116 16 ) 
4 7 11 (0 1024 16 ) (0 116 16 ) (-116 116 16 ) (-116 1024 16 ) 
4 7 13 (-116 0 16 ) (-160 0 16 ) (-160 1024 16 ) (-116 1024 16 ) 
4 7 9 (-160 0 88 ) (-160 0 384 ) (-160 8 384 ) (-160 8 88 ) 
4 7 8 (-160 1024 16 ) (-160 8 16 ) (-160 8 384 ) (-160 1024 384 ) 
4 8 13 (-280 8 16 ) (-280 1024 16 ) (-160 1024 16 ) (-160 8 16 ) 
4 8 9 (-280 8 384 ) (-280 8 88 ) (-160 8 88 ) (-160 8 384 ) 
4 8 10 (-280 1024 16 ) (-280 8 16 ) (-280 8 384 ) (-280 1024 384 ) 
4 9 22 (-160 0 384 ) (-280 0 384 ) (-280 0 88 ) (-160 0 88 ) 
4 9 10 (-280 0 88 ) (-280 0 384 ) (-280 8 384 ) (-280 8 88 ) 
4 10 22 (-280 0 384 ) (-1024 0 384 ) (-1024 0 16 ) (-280 0 16 ) 
4 10 15 (-1024 0 16 ) (-1024 0 384 ) (-1024 1024 384 ) (-1024 1024 16 ) 
4 10 13 (-280 0 16 ) (-1024 0 16 ) (-1024 1024 16 ) (-280 1024 16 ) 
4 11 12 (-116 116 16 ) (-116 116 8 ) (0 116 8 ) (0 116 16 ) 
4 11 13 (-116 1024 0 ) (-116 116 0 ) (-116 116 16 ) (-116 1024 16 ) 
4 12 22 (0 0 8 ) (0 0 16 ) (-116 0 16 ) (-116 0 8 ) 
4 12 13 (-116 0 8 ) (-116 0 16 ) (-116 116 16 ) (-116 116 8 ) 
4 13 24 (-1024 0 8 ) (-1024 0 0 ) (-116 0 0 ) (-116 0 8 ) 
4 13 22 (-116 0 16 ) (-1024 0 16 ) (-1024 0 8 ) (-116 0 8 ) 
4 13 15 (-1024 0 0 ) (-1024 0 16 ) (-1024 1024 16 ) (-1024 1024 0 ) 
4 14 15 (-1024 1024 0 ) (-1024 1024 384 ) (-1536 1024 384 ) (-1536 1024 0 ) 
4 15 25 (-1024 0 0 ) (-1024 0 384 ) (-1536 0 384 ) (-1536 0 0 ) 
4 16 20 (1536 -1024 0 ) (1536 -1024 384 ) (1024 -1024 384 ) (1024 -1024 0 ) 
4 16 18 (1024 -1024 0 ) (1024 -1024 8 ) (1024 0 8 ) (1024 0 0 ) 
4 16 17 (1024 -1024 8 ) (1024 -1024 384 ) (1024 0 384 ) (1024 0 8 ) 
4 17 22 (0 0 384 ) (0 0 8 ) (0 -1024 8 ) (0 -1024 384 ) 
4 17 21 (1024 -1024 8 ) (1024 -1024 384 ) (0 -1024 384 ) (0 -1024 8 ) 
4 17 19 (116 -1024 8 ) (0 -1024 8 ) (0 -116 8 ) (116 -116 8 ) 
4 17 18 (1024 -1024 8 ) (116 -1024 8 ) (116 0 8 ) (1024 0 8 ) 
4 18 21 (1024 -1024 0 ) (1024 -1024 8 ) (116 -1024 8 ) (116 -1024 0 ) 
4 18 19 (116 -116 0 ) (116 -1024 0 ) (116 -1024 8 ) (116 -116 8 ) 
4 19 23 (0 -116 0 ) (0 -1024 0 ) (0 -1024 8 ) (0 -116 8 ) 
4 19 21 (116 -1024 8 ) (0 -1024 8 ) (0 -1024 0 ) (116 -1024 0 ) 
4 20 21 (1024 -1024 384 ) (1024 -1024 0 ) (1024 -1536 0 ) (1024 -1536 384 ) 
4 21 26 (0 -1536 0 ) (0 -1536 384 ) (0 -1024 384 ) (0 -1024 0 ) 
4 22 26 (0 -1024 8 ) (0 -1024 384 ) (-1024 -1024 384 ) (-1024 -1024 8 ) 
4 22 25 (-1024 0 384 ) (-1024 0 8 ) (-1024 -1024 8 ) (-1024 -1024 384 ) 
4 22 23 (0 -116 8 ) (0 -1024 8 ) (-116 -1024 8 ) (-116 -116 8 ) 
4 22 24 (-1024 -1024 8 ) (-1024 0 8 ) (-116 0 8 ) (-116 -1024 8 ) 
4 23 26 (0 -1024 0 ) (0 -1024 8 ) (-116 -1024 8 ) (-116 -1024 0 ) 
4 23 24 (-116 -116 0 ) (-116 -1024 0 ) (-116 -1024 8 ) (-116 -116 8 ) 
4 24 26 (-116 -1024 8 ) (-1024 -1024 8 ) (-1024 -1024 0 ) (-116 -1024 0 ) 
4 24 25 (-1024 0 8 ) (-1024 0 0 ) (-1024 -1024 0 ) (-1024 -1024 8 ) 
4 25 27 (-1024 -1024 0 ) (-1024 -1024 384 ) (-1536 -1024 384 ) (-1536 -1024 0 ) 
4 26 27 (-1024 -1024 384 ) (-1024 -1024 0 ) (-1024 -1536 0 ) (-1024 -1536 384 ) 
